19:46:44.207 [main] DEBUG resources.Base - Navigating to Application
19:46:49.219 [main] DEBUG resources.Base - Click on My Account
19:46:49.219 [main] DEBUG resources.Base - click on Login option
19:46:53.495 [main] DEBUG resources.Base - Enter Emalid
19:46:53.674 [main] DEBUG resources.Base - Enter Password
19:46:53.811 [main] DEBUG resources.Base - Click on Login Button
19:46:57.375 [main] DEBUG resources.Base - Verifying Test Result
19:46:57.485 [main] DEBUG resources.Base - Close an Application
20:01:10.926 [main] DEBUG resources.Base - Navigating to Application
20:01:16.943 [main] DEBUG resources.Base - Click on My Account
20:01:16.944 [main] DEBUG resources.Base - click on Login option
20:01:21.555 [main] DEBUG resources.Base - Enter Emalid
20:01:21.741 [main] DEBUG resources.Base - Enter Password
20:01:21.914 [main] DEBUG resources.Base - Click on Login Button
20:01:25.502 [main] DEBUG resources.Base - Verifying Test Result
20:01:25.615 [main] DEBUG resources.Base - Close an Application
20:03:31.694 [main] DEBUG resources.Base - Navigating to Application
20:03:36.940 [main] DEBUG resources.Base - Click on My Account
20:03:36.940 [main] DEBUG resources.Base - click on Login option
20:03:40.992 [main] DEBUG resources.Base - Enter Emalid
20:03:41.185 [main] DEBUG resources.Base - Enter Password
20:03:41.323 [main] DEBUG resources.Base - Click on Login Button
20:03:45.036 [main] DEBUG resources.Base - Verifying Test Result
20:03:45.148 [main] DEBUG resources.Base - Close an Application
20:03:47.230 [main] DEBUG resources.Base - Navigating to Application
20:04:04.379 [main] DEBUG resources.Base - Close an Application
20:06:29.034 [main] DEBUG resources.Base - Navigating to Application
20:06:35.594 [main] DEBUG resources.Base - Click on My Account
20:06:35.595 [main] DEBUG resources.Base - click on Login option
20:06:40.131 [main] DEBUG resources.Base - Enter Emalid
20:06:40.307 [main] DEBUG resources.Base - Enter Password
20:06:40.442 [main] DEBUG resources.Base - Click on Login Button
20:06:43.908 [main] DEBUG resources.Base - Verifying Test Result
20:06:44.021 [main] DEBUG resources.Base - Close an Application
20:06:45.900 [main] DEBUG resources.Base - Navigating to Application
20:07:03.914 [main] DEBUG resources.Base - Close an Application
20:08:18.310 [main] DEBUG resources.Base - Navigating to Application
20:08:22.324 [main] DEBUG resources.Base - Click on My Account
20:08:22.324 [main] DEBUG resources.Base - click on Login option
20:08:26.251 [main] DEBUG resources.Base - Enter Emalid
20:08:26.462 [main] DEBUG resources.Base - Enter Password
20:08:26.594 [main] DEBUG resources.Base - Click on Login Button
20:08:30.154 [main] DEBUG resources.Base - Verifying Test Result
20:08:30.269 [main] DEBUG resources.Base - Close an Application
20:08:32.402 [main] DEBUG resources.Base - Navigating to Application
20:08:50.633 [main] DEBUG resources.Base - Close an Application
20:10:09.063 [main] DEBUG resources.Base - Navigating to Application
20:10:12.996 [main] DEBUG resources.Base - Click on My Account
20:10:12.996 [main] DEBUG resources.Base - click on Login option
20:10:16.819 [main] DEBUG resources.Base - Enter Emalid
20:10:16.994 [main] DEBUG resources.Base - Enter Password
20:10:17.201 [main] DEBUG resources.Base - Click on Login Button
20:10:21.114 [main] DEBUG resources.Base - Verifying Test Result
20:10:21.269 [main] DEBUG resources.Base - Close an Application
20:10:23.525 [main] DEBUG resources.Base - Navigating to Application
20:10:32.398 [main] DEBUG resources.Base - Close an Application
20:10:59.525 [main] DEBUG resources.Base - Navigating to Application
20:11:04.978 [main] DEBUG resources.Base - Click on My Account
20:11:04.978 [main] DEBUG resources.Base - click on Login option
20:11:09.285 [main] DEBUG resources.Base - Enter Emalid
20:11:09.454 [main] DEBUG resources.Base - Enter Password
20:11:09.676 [main] DEBUG resources.Base - Click on Login Button
20:11:13.538 [main] DEBUG resources.Base - Verifying Test Result
20:11:13.684 [main] DEBUG resources.Base - Close an Application
20:11:16.014 [main] DEBUG resources.Base - Navigating to Application
20:11:34.744 [main] DEBUG resources.Base - Close an Application
20:15:50.461 [main] DEBUG resources.Base - Navigating to Application
20:15:55.287 [main] DEBUG resources.Base - Click on My Account
20:15:55.287 [main] DEBUG resources.Base - click on Login option
20:15:59.346 [main] DEBUG resources.Base - Enter Emalid
20:15:59.524 [main] DEBUG resources.Base - Enter Password
20:15:59.667 [main] DEBUG resources.Base - Click on Login Button
20:16:03.186 [main] DEBUG resources.Base - Verifying Test Result
20:16:03.300 [main] DEBUG resources.Base - Close an Application
20:16:05.430 [main] DEBUG resources.Base - Navigating to Application
20:16:21.920 [main] DEBUG resources.Base - Close an Application
20:18:40.109 [TestNG-tests-2] DEBUG resources.Base - Navigating to Application
20:18:40.410 [TestNG-tests-1] DEBUG resources.Base - Navigating to Application
20:18:50.269 [TestNG-tests-1] DEBUG resources.Base - Click on My Account
20:18:50.269 [TestNG-tests-1] DEBUG resources.Base - click on Login option
20:18:55.751 [TestNG-tests-1] DEBUG resources.Base - Enter Emalid
20:18:55.977 [TestNG-tests-1] DEBUG resources.Base - Enter Password
20:18:56.125 [TestNG-tests-1] DEBUG resources.Base - Click on Login Button
20:18:59.056 [TestNG-tests-2] DEBUG resources.Base - Close an Application
20:19:00.021 [TestNG-tests-1] DEBUG resources.Base - Verifying Test Result
20:19:00.138 [TestNG-tests-1] DEBUG resources.Base - Close an Application
21:01:42.851 [TestNG-tests-1] DEBUG resources.Base - Navigating to Application
21:01:42.895 [TestNG-tests-2] DEBUG resources.Base - Navigating to Application
21:02:02.889 [TestNG-tests-1] DEBUG resources.Base - Click on My Account
21:02:02.890 [TestNG-tests-1] DEBUG resources.Base - click on Login option
21:02:07.638 [TestNG-tests-1] DEBUG resources.Base - Enter Emalid
21:02:07.816 [TestNG-tests-1] DEBUG resources.Base - Enter Password
21:02:07.941 [TestNG-tests-1] DEBUG resources.Base - Click on Login Button
21:02:11.563 [TestNG-tests-1] DEBUG resources.Base - Verifying Test Result
21:02:11.729 [TestNG-tests-1] DEBUG resources.Base - Close an Application
21:04:33.342 [TestNG-tests-2] DEBUG resources.Base - Navigating to Application
21:04:33.612 [TestNG-tests-1] DEBUG resources.Base - Navigating to Application
21:04:42.865 [TestNG-tests-1] DEBUG resources.Base - Click on My Account
21:04:42.866 [TestNG-tests-1] DEBUG resources.Base - click on Login option
21:04:48.601 [TestNG-tests-1] DEBUG resources.Base - Enter Emalid
21:04:48.772 [TestNG-tests-1] DEBUG resources.Base - Enter Password
21:04:48.902 [TestNG-tests-1] DEBUG resources.Base - Click on Login Button
21:04:52.469 [TestNG-tests-1] DEBUG resources.Base - Verifying Test Result
21:04:52.639 [TestNG-tests-1] DEBUG resources.Base - Close an Application
21:10:32.462 [TestNG-tests-1] DEBUG resources.Base - Navigating to Application
21:10:32.807 [TestNG-tests-2] DEBUG resources.Base - Navigating to Application
21:10:48.237 [TestNG-tests-1] DEBUG resources.Base - Click on My Account
21:10:48.237 [TestNG-tests-1] DEBUG resources.Base - click on Login option
21:10:55.641 [TestNG-tests-1] DEBUG resources.Base - Enter Emalid
21:10:55.808 [TestNG-tests-1] DEBUG resources.Base - Enter Password
21:10:55.959 [TestNG-tests-1] DEBUG resources.Base - Click on Login Button
21:10:58.825 [TestNG-tests-2] DEBUG resources.Base - Close an Application
21:10:59.624 [TestNG-tests-1] DEBUG resources.Base - Verifying Test Result
21:10:59.748 [TestNG-tests-1] DEBUG resources.Base - Close an Application
21:46:08.100 [main] DEBUG resources.Base - Navigating to Application
21:46:14.821 [main] DEBUG resources.Base - Click on My Account
21:46:14.821 [main] DEBUG resources.Base - click on Login option
21:46:19.003 [main] DEBUG resources.Base - Enter Emalid
21:46:19.159 [main] DEBUG resources.Base - Enter Password
21:46:19.323 [main] DEBUG resources.Base - Click on Login Button
21:46:22.885 [main] DEBUG resources.Base - Verifying Test Result
21:46:23.010 [main] DEBUG resources.Base - Close an Application
21:46:25.127 [main] DEBUG resources.Base - Navigating to Application
21:46:36.720 [main] DEBUG resources.Base - Close an Application
22:03:46.503 [TestNG-tests-1] DEBUG resources.Base - Navigating to Application
22:03:46.566 [TestNG-tests-2] DEBUG resources.Base - Navigating to Application
22:04:01.441 [TestNG-tests-1] DEBUG resources.Base - Click on My Account
22:04:01.442 [TestNG-tests-1] DEBUG resources.Base - click on Login option
22:04:08.547 [TestNG-tests-1] DEBUG resources.Base - Enter Emalid
22:04:08.730 [TestNG-tests-1] DEBUG resources.Base - Enter Password
22:04:08.878 [TestNG-tests-1] DEBUG resources.Base - Click on Login Button
22:04:12.911 [TestNG-tests-1] DEBUG resources.Base - Verifying Test Result
22:04:13.057 [TestNG-tests-1] DEBUG resources.Base - Close an Application
22:04:22.837 [TestNG-tests-2] DEBUG resources.Base - Close an Application
22:14:46.627 [TestNG-tests-2] DEBUG resources.Base - Navigating to Application
22:14:47.101 [TestNG-tests-1] DEBUG resources.Base - Navigating to Application
22:15:02.015 [TestNG-tests-1] DEBUG resources.Base - Click on My Account
22:15:02.015 [TestNG-tests-1] DEBUG resources.Base - click on Login option
22:15:08.484 [TestNG-tests-1] DEBUG resources.Base - Enter Emalid
22:15:08.684 [TestNG-tests-1] DEBUG resources.Base - Enter Password
22:15:08.823 [TestNG-tests-1] DEBUG resources.Base - Click on Login Button
22:15:13.288 [TestNG-tests-1] DEBUG resources.Base - Verifying Test Result
22:15:13.428 [TestNG-tests-1] DEBUG resources.Base - Close an Application
22:15:20.074 [TestNG-tests-2] DEBUG resources.Base - Close an Application
22:23:35.350 [TestNG-tests-2] DEBUG resources.Base - Navigating to Application
22:23:35.363 [TestNG-tests-1] DEBUG resources.Base - Navigating to Application
